[0;32mStarting auto-commit script...[0m
Press Ctrl+C to stop the script
[1;33mChanges detected at 2025-05-11 16:03:24[0m
[main d457d66] 2025-05-11 16:03:24
 4 files changed, 185 insertions(+)
 create mode 100644 LICENSE
 create mode 100644 README.md
 create mode 100644 auto-commit.log
 create mode 100755 scripts/auto-commit.sh
[0;32mChanges committed successfully![0m
[1;33mNo changes detected at 2025-05-11 16:04:24[0m
[1;33mChanges detected at 2025-05-11 16:05:24[0m
[main d3eb781] 2025-05-11 16:05:24
 2 files changed, 43 insertions(+)
 create mode 100644 .gitignore
[0;32mChanges committed successfully![0m
[1;33mChanges detected at 2025-05-11 16:06:24[0m
[main 41a880d] 2025-05-11 16:06:24
 2 files changed, 1 insertion(+), 55 deletions(-)
 delete mode 100755 scripts/auto-commit.sh
[0;32mChanges committed successfully![0m
[1;33mNo changes detected at 2025-05-11 16:07:24[0m
[1;33mNo changes detected at 2025-05-11 16:08:24[0m
[1;33mNo changes detected at 2025-05-11 16:09:24[0m
[1;33mChanges detected at 2025-05-11 16:10:24[0m
[main 591e3d0] 2025-05-11 16:10:24
 16 files changed, 327 insertions(+)
 create mode 100644 eth-buying-ai/.gitignore
 create mode 100644 eth-buying-ai/README.md
 create mode 100644 eth-buying-ai/eslint.config.mjs
 create mode 100644 eth-buying-ai/next.config.ts
 create mode 100644 eth-buying-ai/package.json
 create mode 100644 eth-buying-ai/postcss.config.mjs
 create mode 100644 eth-buying-ai/public/file.svg
 create mode 100644 eth-buying-ai/public/globe.svg
 create mode 100644 eth-buying-ai/public/next.svg
 create mode 100644 eth-buying-ai/public/vercel.svg
 create mode 100644 eth-buying-ai/public/window.svg
 create mode 100644 eth-buying-ai/src/app/favicon.ico
 create mode 100644 eth-buying-ai/src/app/globals.css
 create mode 100644 eth-buying-ai/src/app/layout.tsx
 create mode 100644 eth-buying-ai/src/app/page.tsx
 create mode 100644 eth-buying-ai/tsconfig.json
[0;32mChanges committed successfully![0m
[1;33mChanges detected at 2025-05-11 16:11:24[0m
